Determining if the pthread_create exist failed with the following output:
Change Dir: /home/jianfeng/lab/roboterpratikum/versuch6_labpc/Versuch6/build/CMakeFiles/CMakeTmp

Run Build Command:"/usr/bin/make" "cmTC_48295/fast"
/usr/bin/make -f CMakeFiles/cmTC_48295.dir/build.make CMakeFiles/cmTC_48295.dir/build
make[1]: Entering directory '/home/jianfeng/lab/roboterpratikum/versuch6_labpc/Versuch6/build/CMakeFiles/CMakeTmp'
Building C object CMakeFiles/cmTC_48295.dir/CheckSymbolExists.c.o
/usr/bin/cc    -o CMakeFiles/cmTC_48295.dir/CheckSymbolExists.c.o   -c /home/jianfeng/lab/roboterpratikum/versuch6_labpc/Versuch6/build/CMakeFiles/CMakeTmp/CheckSymbolExists.c
Linking C executable cmTC_48295
/usr/local/bin/cmake -E cmake_link_script CMakeFiles/cmTC_48295.dir/link.txt --verbose=1
/usr/bin/cc      -rdynamic CMakeFiles/cmTC_48295.dir/CheckSymbolExists.c.o  -o cmTC_48295 
CMakeFiles/cmTC_48295.dir/CheckSymbolExists.c.o: In function `main':
CheckSymbolExists.c:(.text+0x1b): undefined reference to `pthread_create'
collect2: error: ld returned 1 exit status
CMakeFiles/cmTC_48295.dir/build.make:86: recipe for target 'cmTC_48295' failed
make[1]: *** [cmTC_48295] Error 1
make[1]: Leaving directory '/home/jianfeng/lab/roboterpratikum/versuch6_labpc/Versuch6/build/CMakeFiles/CMakeTmp'
Makefile:121: recipe for target 'cmTC_48295/fast' failed
make: *** [cmTC_48295/fast] Error 2

File /home/jianfeng/lab/roboterpratikum/versuch6_labpc/Versuch6/build/CMakeFiles/CMakeTmp/CheckSymbolExists.c:
/* */
#include <pthread.h>

int main(int argc, char** argv)
{
  (void)argv;
#ifndef pthread_create
  return ((int*)(&pthread_create))[argc];
#else
  (void)argc;
  return 0;
#endif
}

Determining if the function pthread_create exists in the pthreads failed with the following output:
Change Dir: /home/jianfeng/lab/roboterpratikum/versuch6_labpc/Versuch6/build/CMakeFiles/CMakeTmp

Run Build Command:"/usr/bin/make" "cmTC_7a33b/fast"
/usr/bin/make -f CMakeFiles/cmTC_7a33b.dir/build.make CMakeFiles/cmTC_7a33b.dir/build
make[1]: Entering directory '/home/jianfeng/lab/roboterpratikum/versuch6_labpc/Versuch6/build/CMakeFiles/CMakeTmp'
Building C object CMakeFiles/cmTC_7a33b.dir/CheckFunctionExists.c.o
/usr/bin/cc   -DCHECK_FUNCTION_EXISTS=pthread_create   -o CMakeFiles/cmTC_7a33b.dir/CheckFunctionExists.c.o   -c /usr/local/share/cmake-3.12/Modules/CheckFunctionExists.c
Linking C executable cmTC_7a33b
/usr/local/bin/cmake -E cmake_link_script CMakeFiles/cmTC_7a33b.dir/link.txt --verbose=1
/usr/bin/cc  -DCHECK_FUNCTION_EXISTS=pthread_create    -rdynamic CMakeFiles/cmTC_7a33b.dir/CheckFunctionExists.c.o  -o cmTC_7a33b -lpthreads 
/usr/bin/ld: cannot find -lpthreads
collect2: error: ld returned 1 exit status
CMakeFiles/cmTC_7a33b.dir/build.make:86: recipe for target 'cmTC_7a33b' failed
make[1]: *** [cmTC_7a33b] Error 1
make[1]: Leaving directory '/home/jianfeng/lab/roboterpratikum/versuch6_labpc/Versuch6/build/CMakeFiles/CMakeTmp'
Makefile:121: recipe for target 'cmTC_7a33b/fast' failed
make: *** [cmTC_7a33b/fast] Error 2


